#
# There is insufficient memory for the Java Runtime Environment to continue.
# Native memory allocation (malloc) failed to allocate 1706096 bytes for Chunk::new
# Possible reasons:
#   The system is out of physical RAM or swap space
#   In 32 bit mode, the process size limit was hit
# Possible solutions:
#   Reduce memory load on the system
#   Increase physical memory or swap space
#   Check if swap backing store is full
#   Use 64 bit Java on a 64 bit OS
#   Decrease Java heap size (-Xmx/-Xms)
#   Decrease number of Java threads
#   Decrease Java thread stack sizes (-Xss)
#   Set larger code cache with -XX:ReservedCodeCacheSize=
# This output file may be truncated or incomplete.
#
#  Out of Memory Error (allocation.cpp:328), pid=3248, tid=6720
#
# JRE version: 7.0_21-b11
# Java VM: Java HotSpot(TM) 64-Bit Server VM (23.21-b01 mixed mode windows-amd64 compressed oops)
# Failed to write core dump. Minidumps are not enabled by default on client versions of Windows
#

---------------  T H R E A D  ---------------

Current thread (0x0000000008dfa800):  JavaThread "C2 CompilerThread1" daemon [_thread_in_native, id=6720, stack(0x000000000a500000,0x000000000a600000)]

Stack: [0x000000000a500000,0x000000000a600000]

Current CompileTask:
C2:  38038  418             java.beans.Introspector::getTargetMethodInfo (255 bytes)


---------------  P R O C E S S  ---------------

Java Threads: ( => current thread )
  0x000000000a826800 JavaThread "Stdin handler" [_thread_blocked, id=5328, stack(0x000000000cb90000,0x000000000cc90000)]
  0x000000000af78000 JavaThread "Handler for socket connection at /127.0.0.1:60534 with /127.0.0.1:60557" [_thread_in_native, id=7896, stack(0x000000000ca90000,0x000000000cb90000)]
  0x000000000b3fc800 JavaThread "Daemon" [_thread_in_vm, id=5276, stack(0x000000000c990000,0x000000000ca90000)]
  0x000000000b04b800 JavaThread "Incoming local TCP Connector on port 60534" [_thread_in_native, id=8492, stack(0x000000000c890000,0x000000000c990000)]
  0x0000000008e00800 JavaThread "Service Thread" daemon [_thread_blocked, id=8948, stack(0x000000000a600000,0x000000000a700000)]
=>0x0000000008dfa800 JavaThread "C2 CompilerThread1" daemon [_thread_in_native, id=6720, stack(0x000000000a500000,0x000000000a600000)]
  0x0000000008df1000 JavaThread "C2 CompilerThread0" daemon [_thread_blocked, id=5332, stack(0x000000000a400000,0x000000000a500000)]
  0x0000000008df0000 JavaThread "Attach Listener" daemon [_thread_blocked, id=8400, stack(0x000000000a300000,0x000000000a400000)]
  0x0000000008ded000 JavaThread "Signal Dispatcher" daemon [_thread_blocked, id=8672, stack(0x000000000a200000,0x000000000a300000)]
  0x0000000008d8a800 JavaThread "Finalizer" daemon [_thread_blocked, id=8780, stack(0x000000000a0c0000,0x000000000a1c0000)]
  0x0000000008d82000 JavaThread "Reference Handler" daemon [_thread_blocked, id=8592, stack(0x0000000009fc0000,0x000000000a0c0000)]
  0x00000000021fe800 JavaThread "main" [_thread_blocked, id=7812, stack(0x0000000001f00000,0x0000000002000000)]

Other Threads:
  0x0000000008d78800 VMThread [stack: 0x0000000009ec0000,0x0000000009fc0000] [id=3896]
  0x0000000008e0d800 WatcherThread [stack: 0x000000000a700000,0x000000000a800000] [id=8644]

VM state:not at safepoint (normal execution)

VM Mutex/Monitor currently owned by a thread: None

Heap
 PSYoungGen      total 136512K, used 59375K [0x00000000eaab0000, 0x00000000f3bd0000, 0x0000000100000000)
  eden space 125952K, 46% used [0x00000000eaab0000,0x00000000ee3abc98,0x00000000f25b0000)
  from space 10560K, 9% used [0x00000000f3080000,0x00000000f3180010,0x00000000f3ad0000)
  to   space 11072K, 0% used [0x00000000f25b0000,0x00000000f25b0000,0x00000000f3080000)
 ParOldGen       total 84288K, used 14872K [0x00000000c0000000, 0x00000000c5250000, 0x00000000eaab0000)
  object space 84288K, 17% used [0x00000000c0000000,0x00000000c0e862c0,0x00000000c5250000)
 PSPermGen       total 25280K, used 25195K [0x00000000b0000000, 0x00000000b18b0000, 0x00000000c0000000)
  object space 25280K, 99% used [0x00000000b0000000,0x00000000b189ac28,0x00000000b18b0000)

Card table byte_map: [0x00000000052c0000,0x0000000005550000] byte_map_base: 0x0000000004d40000

Polling page: 0x0000000000580000

Code Cache  [0x0000000002200000, 0x0000000002470000, 0x0000000005200000)
 total_blobs=971 nmethods=411 adapters=511 free_code_cache=46715Kb largest_free_block=47796096

Compilation events (10 events):
Event: 37.546 Thread 0x0000000008df1000 nmethod 417 0x00000000024606d0 code [0x0000000002460800, 0x0000000002460858]
Event: 37.557 Thread 0x0000000008dfa800  418             java.beans.Introspector::getTargetMethodInfo (255 bytes)
Event: 37.587 Thread 0x0000000008df1000  419             java.util.HashSet::contains (9 bytes)
Event: 37.594 Thread 0x0000000008df1000 nmethod 419 0x000000000241f690 code [0x000000000241f800, 0x000000000241fa48]
Event: 37.621 Thread 0x0000000008df1000  420             groovy.lang.MetaClassImpl::populateMethods (404 bytes)
Event: 37.676 Thread 0x0000000008df1000 nmethod 420 0x0000000002468610 code [0x00000000024688e0, 0x0000000002469958]
Event: 37.676 Thread 0x0000000008df1000  421             org.codehaus.groovy.reflection.CachedMethod::isStatic (8 bytes)
Event: 37.677 Thread 0x0000000008df1000 nmethod 421 0x0000000002460490 code [0x00000000024605c0, 0x0000000002460638]
Event: 37.677 Thread 0x0000000008df1000  422             org.codehaus.groovy.runtime.metaclass.MethodHelper::isStatic (19 bytes)
Event: 37.678 Thread 0x0000000008df1000 nmethod 422 0x000000000245de10 code [0x000000000245df40, 0x000000000245dfb8]

GC Heap History (10 events):
Event: 26.843 GC heap before
{Heap before GC invocations=6 (full 0):
 PSYoungGen      total 36864K, used 36856K [0x00000000eaab0000, 0x00000000efcf0000, 0x0000000100000000)
  eden space 31616K, 100% used [0x00000000eaab0000,0x00000000ec990000,0x00000000ec990000)
  from space 5248K, 99% used [0x00000000ec990000,0x00000000eceae0f0,0x00000000eceb0000)
  to   space 10496K, 0% used [0x00000000ef2b0000,0x00000000ef2b0000,0x00000000efcf0000)
 ParOldGen       total 84288K, used 8854K [0x00000000c0000000, 0x00000000c5250000, 0x00000000eaab0000)
  object space 84288K, 10% used [0x00000000c0000000,0x00000000c08a5b60,0x00000000c5250000)
 PSPermGen       total 21440K, used 21275K [0x00000000b0000000, 0x00000000b14f0000, 0x00000000c0000000)
  object space 21440K, 99% used [0x00000000b0000000,0x00000000b14c6ca8,0x00000000b14f0000)
Event: 26.860 GC heap after
Heap after GC invocations=6 (full 0):
 PSYoungGen      total 73344K, used 5448K [0x00000000eaab0000, 0x00000000efc90000, 0x0000000100000000)
  eden space 63232K, 0% used [0x00000000eaab0000,0x00000000eaab0000,0x00000000ee870000)
  from space 10112K, 53% used [0x00000000ef2b0000,0x00000000ef8020e0,0x00000000efc90000)
  to   space 10304K, 0% used [0x00000000ee870000,0x00000000ee870000,0x00000000ef280000)
 ParOldGen       total 84288K, used 8854K [0x00000000c0000000, 0x00000000c5250000, 0x00000000eaab0000)
  object space 84288K, 10% used [0x00000000c0000000,0x00000000c08a5b60,0x00000000c5250000)
 PSPermGen       total 21440K, used 21275K [0x00000000b0000000, 0x00000000b14f0000, 0x00000000c0000000)
  object space 21440K, 99% used [0x00000000b0000000,0x00000000b14c6ca8,0x00000000b14f0000)
}
Event: 27.602 GC heap before
{Heap before GC invocations=7 (full 0):
 PSYoungGen      total 73344K, used 68680K [0x00000000eaab0000, 0x00000000efc90000, 0x0000000100000000)
  eden space 63232K, 100% used [0x00000000eaab0000,0x00000000ee870000,0x00000000ee870000)
  from space 10112K, 53% used [0x00000000ef2b0000,0x00000000ef8020e0,0x00000000efc90000)
  to   space 10304K, 0% used [0x00000000ee870000,0x00000000ee870000,0x00000000ef280000)
 ParOldGen       total 84288K, used 8854K [0x00000000c0000000, 0x00000000c5250000, 0x00000000eaab0000)
  object space 84288K, 10% used [0x00000000c0000000,0x00000000c08a5b60,0x00000000c5250000)
 PSPermGen       total 21440K, used 21294K [0x00000000b0000000, 0x00000000b14f0000, 0x00000000c0000000)
  object space 21440K, 99% used [0x00000000b0000000,0x00000000b14cb828,0x00000000b14f0000)
Event: 27.620 GC heap after
Heap after GC invocations=7 (full 0):
 PSYoungGen      total 73536K, used 3208K [0x00000000eaab0000, 0x00000000f3ad0000, 0x0000000100000000)
  eden space 63232K, 0% used [0x00000000eaab0000,0x00000000eaab0000,0x00000000ee870000)
  from space 10304K, 31% used [0x00000000ee870000,0x00000000eeb920e0,0x00000000ef280000)
  to   space 10560K, 0% used [0x00000000f3080000,0x00000000f3080000,0x00000000f3ad0000)
 ParOldGen       total 84288K, used 11304K [0x00000000c0000000, 0x00000000c5250000, 0x00000000eaab0000)
  object space 84288K, 13% used [0x00000000c0000000,0x00000000c0b0a270,0x00000000c5250000)
 PSPermGen       total 21440K, used 21294K [0x00000000b0000000, 0x00000000b14f0000, 0x00000000c0000000)
  object space 21440K, 99% used [0x00000000b0000000,0x00000000b14cb828,0x00000000b14f0000)
}
Event: 28.321 GC heap before
{Heap before GC invocations=8 (full 0):
 PSYoungGen      total 73536K, used 66440K [0x00000000eaab0000, 0x00000000f3ad0000, 0x0000000100000000)
  eden space 63232K, 100% used [0x00000000eaab0000,0x00000000ee870000,0x00000000ee870000)
  from space 10304K, 31% used [0x00000000ee870000,0x00000000eeb920e0,0x00000000ef280000)
  to   space 10560K, 0% used [0x00000000f3080000,0x00000000f3080000,0x00000000f3ad0000)
 ParOldGen       total 84288K, used 11304K [0x00000000c0000000, 0x00000000c5250000, 0x00000000eaab0000)
  object space 84288K, 13% used [0x00000000c0000000,0x00000000c0b0a270,0x00000000c5250000)
 PSPermGen       total 21440K, used 21315K [0x00000000b0000000, 0x00000000b14f0000, 0x00000000c0000000)
  object space 21440K, 99% used [0x00000000b0000000,0x00000000b14d0de0,0x00000000b14f0000)
Event: 28.335 GC heap after
Heap after GC invocations=8 (full 0):
 PSYoungGen      total 136512K, used 1056K [0x00000000eaab0000, 0x00000000f3bd0000, 0x0000000100000000)
  eden space 125952K, 0% used [0x00000000eaab0000,0x00000000eaab0000,0x00000000f25b0000)
  from space 10560K, 10% used [0x00000000f3080000,0x00000000f3188000,0x00000000f3ad0000)
  to   space 11072K, 0% used [0x00000000f25b0000,0x00000000f25b0000,0x00000000f3080000)
 ParOldGen       total 84288K, used 13936K [0x00000000c0000000, 0x00000000c5250000, 0x00000000eaab0000)
  object space 84288K, 16% used [0x00000000c0000000,0x00000000c0d9c2c0,0x00000000c5250000)
 PSPermGen       total 21440K, used 21315K [0x00000000b0000000, 0x00000000b14f0000, 0x00000000c0000000)
  object space 21440K, 99% used [0x00000000b0000000,0x00000000b14d0de0,0x00000000b14f0000)
}
Event: 29.803 GC heap before
{Heap before GC invocations=9 (full 0):
 PSYoungGen      total 136512K, used 127008K [0x00000000eaab0000, 0x00000000f3bd0000, 0x0000000100000000)
  eden space 125952K, 100% used [0x00000000eaab0000,0x00000000f25b0000,0x00000000f25b0000)
  from space 10560K, 10% used [0x00000000f3080000,0x00000000f3188000,0x00000000f3ad0000)
  to   space 11072K, 0% used [0x00000000f25b0000,0x00000000f25b0000,0x00000000f3080000)
 ParOldGen       total 84288K, used 13936K [0x00000000c0000000, 0x00000000c5250000, 0x00000000eaab0000)
  object space 84288K, 16% used [0x00000000c0000000,0x00000000c0d9c2c0,0x00000000c5250000)
 PSPermGen       total 21440K, used 21336K [0x00000000b0000000, 0x00000000b14f0000, 0x00000000c0000000)
  object space 21440K, 99% used [0x00000000b0000000,0x00000000b14d61f8,0x00000000b14f0000)
Event: 29.806 GC heap after
Heap after GC invocations=9 (full 0):
 PSYoungGen      total 137024K, used 1040K [0x00000000eaab0000, 0x00000000f3bd0000, 0x0000000100000000)
  eden space 125952K, 0% used [0x00000000eaab0000,0x00000000eaab0000,0x00000000f25b0000)
  from space 11072K, 9% used [0x00000000f25b0000,0x00000000f26b4010,0x00000000f3080000)
  to   space 10560K, 0% used [0x00000000f3080000,0x00000000f3080000,0x00000000f3ad0000)
 ParOldGen       total 84288K, used 14232K [0x00000000c0000000, 0x00000000c5250000, 0x00000000eaab0000)
  object space 84288K, 16% used [0x00000000c0000000,0x00000000c0de62c0,0x00000000c5250000)
 PSPermGen       total 21440K, used 21336K [0x00000000b0000000, 0x00000000b14f0000, 0x00000000c0000000)
  object space 21440K, 99% used [0x00000000b0000000,0x00000000b14d61f8,0x00000000b14f0000)
}
Event: 31.380 GC heap before
{Heap before GC invocations=10 (full 0):
 PSYoungGen      total 137024K, used 126992K [0x00000000eaab0000, 0x00000000f3bd0000, 0x0000000100000000)
  eden space 125952K, 100% used [0x00000000eaab0000,0x00000000f25b0000,0x00000000f25b0000)
  from space 11072K, 9% used [0x00000000f25b0000,0x00000000f26b4010,0x00000000f3080000)
  to   space 10560K, 0% used [0x00000000f3080000,0x00000000f3080000,0x00000000f3ad0000)
 ParOldGen       total 84288K, used 14232K [0x00000000c0000000, 0x00000000c5250000, 0x00000000eaab0000)
  object space 84288K, 16% used [0x00000000c0000000,0x00000000c0de62c0,0x00000000c5250000)
 PSPermGen       total 21440K, used 21369K [0x00000000b0000000, 0x00000000b14f0000, 0x00000000c0000000)
  object space 21440K, 99% used [0x00000000b0000000,0x00000000b14de708,0x00000000b14f0000)
Event: 31.385 GC heap after
Heap after GC invocations=10 (full 0):
 PSYoungGen      total 136512K, used 1024K [0x00000000eaab0000, 0x00000000f3bd0000, 0x0000000100000000)
  eden space 125952K, 0% used [0x00000000eaab0000,0x00000000eaab0000,0x00000000f25b0000)
  from space 10560K, 9% used [0x00000000f3080000,0x00000000f3180010,0x00000000f3ad0000)
  to   space 11072K, 0% used [0x00000000f25b0000,0x00000000f25b0000,0x00000000f3080000)
 ParOldGen       total 84288K, used 14872K [0x00000000c0000000, 0x00000000c5250000, 0x00000000eaab0000)
  object space 84288K, 17% used [0x00000000c0000000,0x00000000c0e862c0,0x00000000c5250000)
 PSPermGen       total 21440K, used 21369K [0x00000000b0000000, 0x00000000b14f0000, 0x00000000c0000000)
  object space 21440K, 99% used [0x00000000b0000000,0x00000000b14de708,0x00000000b14f0000)
}

Deoptimization events (10 events):
Event: 33.991 Thread 0x000000000b3fc800 Uncommon trap -34 fr.pc 0x00000000022b2c68
Event: 34.001 Thread 0x000000000b3fc800 Uncommon trap -34 fr.pc 0x00000000022b2c68
Event: 34.908 Thread 0x000000000b3fc800 Uncommon trap -58 fr.pc 0x000000000227c010
Event: 35.469 Thread 0x000000000b3fc800 Uncommon trap -12 fr.pc 0x00000000024344a8
Event: 35.614 Thread 0x000000000b3fc800 Uncommon trap -83 fr.pc 0x00000000022be4c0
Event: 35.632 Thread 0x000000000b3fc800 Uncommon trap -34 fr.pc 0x00000000024225cc
Event: 35.632 Thread 0x000000000b3fc800 Uncommon trap -34 fr.pc 0x00000000024225cc
Event: 36.125 Thread 0x000000000b3fc800 Uncommon trap -12 fr.pc 0x000000000244fb80
Event: 36.304 Thread 0x000000000b3fc800 Uncommon trap -83 fr.pc 0x0000000002298324
Event: 36.510 Thread 0x000000000b3fc800 Uncommon trap -122 fr.pc 0x0000000002437780

Internal exceptions (10 events):
Event: 38.008 Thread 0x000000000b3fc800 Threw 0x00000000ee1ee278 at C:\jdk7u2_64p\jdk7u21\hotspot\src\share\vm\prims\jvm.cpp:1166
Event: 38.008 Thread 0x000000000b3fc800 Threw 0x00000000ee1ef458 at C:\jdk7u2_64p\jdk7u21\hotspot\src\share\vm\prims\jvm.cpp:1166
Event: 38.009 Thread 0x000000000b3fc800 Threw 0x00000000ee1f88a0 at C:\jdk7u2_64p\jdk7u21\hotspot\src\share\vm\prims\jvm.cpp:1166
Event: 38.013 Thread 0x000000000b3fc800 Threw 0x00000000ee1fc248 at C:\jdk7u2_64p\jdk7u21\hotspot\src\share\vm\prims\jvm.cpp:1166
Event: 38.013 Thread 0x000000000b3fc800 Threw 0x00000000ee1fd050 at C:\jdk7u2_64p\jdk7u21\hotspot\src\share\vm\prims\jvm.cpp:1166
Event: 38.013 Thread 0x000000000b3fc800 Threw 0x00000000ee201d10 at C:\jdk7u2_64p\jdk7u21\hotspot\src\share\vm\prims\jvm.cpp:1166
Event: 38.013 Thread 0x000000000b3fc800 Threw 0x00000000ee202bc8 at C:\jdk7u2_64p\jdk7u21\hotspot\src\share\vm\prims\jvm.cpp:1166
Event: 38.013 Thread 0x000000000b3fc800 Threw 0x00000000ee2039d0 at C:\jdk7u2_64p\jdk7u21\hotspot\src\share\vm\prims\jvm.cpp:1166
Event: 38.013 Thread 0x000000000b3fc800 Threw 0x00000000ee208690 at C:\jdk7u2_64p\jdk7u21\hotspot\src\share\vm\prims\jvm.cpp:1166
Event: 38.014 Thread 0x000000000b3fc800 Threw 0x00000000ee20cd08 at C:\jdk7u2_64p\jdk7u21\hotspot\src\share\vm\prims\jvm.cpp:1166

Events (10 events):
Event: 37.753 loading class 0x000000000b68ca30
Event: 37.753 loading class 0x000000000b68ca30 done
Event: 37.753 loading class 0x000000000b68ca30
Event: 37.753 loading class 0x000000000b68ca30 done
Event: 38.008 loading class 0x000000000b068c10
Event: 38.008 loading class 0x000000000b068c10 done
Event: 38.013 loading class 0x000000000b54df20
Event: 38.013 loading class 0x000000000b54df20 done
Event: 38.013 loading class 0x000000000b54df20
Event: 38.013 loading class 0x000000000b54df20 done


Dynamic libraries:
0x00007ff7798c0000 - 0x00007ff7798f3000 	C:\Program Files\Java\jdk1.7.0_21\bin\java.exe
0x00007ff919760000 - 0x00007ff919906000 	C:\Windows\SYSTEM32\ntdll.dll
0x00007ff917c10000 - 0x00007ff917d4a000 	C:\Windows\system32\KERNEL32.DLL
0x00007ff916c60000 - 0x00007ff916d6f000 	C:\Windows\system32\KERNELBASE.dll
0x00007ff9156e0000 - 0x00007ff915768000 	C:\Windows\system32\apphelp.dll
0x00007ff90a1a0000 - 0x00007ff90a1ef000 	C:\Windows\AppPatch\AppPatch64\AcGenral.DLL
0x00007ff916ff0000 - 0x00007ff917097000 	C:\Windows\system32\msvcrt.dll
0x00007ff916960000 - 0x00007ff91698b000 	C:\Windows\SYSTEM32\SspiCli.dll
0x00007ff9170a0000 - 0x00007ff9170f1000 	C:\Windows\system32\SHLWAPI.dll
0x00007ff917dd0000 - 0x00007ff917f41000 	C:\Windows\system32\USER32.dll
0x00007ff919400000 - 0x00007ff919578000 	C:\Windows\system32\ole32.dll
0x00007ff917ff0000 - 0x00007ff9193ff000 	C:\Windows\system32\SHELL32.dll
0x00007ff916140000 - 0x00007ff91615e000 	C:\Windows\SYSTEM32\USERENV.dll
0x00007ff9195b0000 - 0x00007ff919655000 	C:\Windows\system32\ADVAPI32.dll
0x00007ff90d330000 - 0x00007ff90d34b000 	C:\Windows\SYSTEM32\MPR.dll
0x00007ff917950000 - 0x00007ff917a87000 	C:\Windows\system32\RPCRT4.dll
0x00007ff917d70000 - 0x00007ff917dc7000 	C:\Windows\SYSTEM32\sechost.dll
0x00007ff917490000 - 0x00007ff917666000 	C:\Windows\SYSTEM32\combase.dll
0x00007ff917100000 - 0x00007ff917244000 	C:\Windows\system32\GDI32.dll
0x00007ff916ae0000 - 0x00007ff916af4000 	C:\Windows\SYSTEM32\profapi.dll
0x00007ff914e00000 - 0x00007ff914e9f000 	C:\Windows\SYSTEM32\SHCORE.dll
0x00007ff919660000 - 0x00007ff919694000 	C:\Windows\system32\IMM32.DLL
0x00007ff917670000 - 0x00007ff9177a9000 	C:\Windows\system32\MSCTF.dll
0x00007ff916aa0000 - 0x00007ff916acf000 	C:\Windows\system32\nvinitx.dll
0x000000000f000000 - 0x000000000f006000 	C:\Program Files\NVIDIA Corporation\CoProcManager\detoured.dll
0x00007ff914910000 - 0x00007ff91496f000 	C:\Program Files\NVIDIA Corporation\CoProcManager\nvd3d9wrapx.dll
0x00007ff917250000 - 0x00007ff917424000 	C:\Windows\system32\SETUPAPI.dll
0x00007ff916dc0000 - 0x00007ff916e0a000 	C:\Windows\system32\CFGMGR32.dll
0x00007ff9147d0000 - 0x00007ff914816000 	C:\Program Files\NVIDIA Corporation\CoProcManager\nvdxgiwrapx.dll
0x00007ff9149a0000 - 0x00007ff914bfa000 	C:\Windows\WinSxS\amd64_microsoft.windows.common-controls_6595b64144ccf1df_6.0.9600.17031_none_6242a4b3ecbb55a1\COMCTL32.dll
0x000000005a190000 - 0x000000005a261000 	C:\Program Files\Java\jdk1.7.0_21\jre\bin\msvcr100.dll
0x0000000059190000 - 0x00000000598b1000 	C:\Program Files\Java\jdk1.7.0_21\jre\bin\server\jvm.dll
0x00007ff90bcd0000 - 0x00007ff90bcd9000 	C:\Windows\SYSTEM32\WSOCK32.dll
0x00007ff914ea0000 - 0x00007ff914ebf000 	C:\Windows\SYSTEM32\WINMM.dll
0x00007ff9196a0000 - 0x00007ff9196a7000 	C:\Windows\system32\PSAPI.DLL
0x00007ff917430000 - 0x00007ff917488000 	C:\Windows\system32\WS2_32.dll
0x00007ff914c00000 - 0x00007ff914c2a000 	C:\Windows\SYSTEM32\WINMMBASE.dll
0x00007ff919580000 - 0x00007ff919589000 	C:\Windows\system32\NSI.dll
0x00007ff915940000 - 0x00007ff915966000 	C:\Windows\SYSTEM32\DEVOBJ.dll
0x0000000059ce0000 - 0x0000000059cef000 	C:\Program Files\Java\jdk1.7.0_21\jre\bin\verify.dll
0x0000000059cb0000 - 0x0000000059cd8000 	C:\Program Files\Java\jdk1.7.0_21\jre\bin\java.dll
0x0000000059c90000 - 0x0000000059ca5000 	C:\Program Files\Java\jdk1.7.0_21\jre\bin\zip.dll
0x0000000059c70000 - 0x0000000059c89000 	C:\Program Files\Java\jdk1.7.0_21\jre\bin\net.dll
0x00007ff9163e0000 - 0x00007ff916438000 	C:\Windows\system32\mswsock.dll
0x0000000059c50000 - 0x0000000059c61000 	C:\Program Files\Java\jdk1.7.0_21\jre\bin\nio.dll
0x00007ff916440000 - 0x00007ff91645e000 	C:\Windows\SYSTEM32\CRYPTSP.dll
0x00007ff916030000 - 0x00007ff916065000 	C:\Windows\system32\rsaenh.dll
0x00007ff916670000 - 0x00007ff916696000 	C:\Windows\SYSTEM32\bcrypt.dll
0x00007ff916990000 - 0x00007ff9169f0000 	C:\Windows\system32\bcryptprimitives.dll
0x00007ff9169f0000 - 0x00007ff9169fa000 	C:\Windows\SYSTEM32\CRYPTBASE.dll
0x00007ff8fb330000 - 0x00007ff8fb344000 	C:\Windows\system32\napinsp.dll
0x00007ff90e5d0000 - 0x00007ff90e5e9000 	C:\Windows\system32\pnrpnsp.dll
0x00007ff9114e0000 - 0x00007ff9114f9000 	C:\Windows\system32\NLAapi.dll
0x00007ff9161f0000 - 0x00007ff916293000 	C:\Windows\SYSTEM32\DNSAPI.dll
0x00007ff913ec0000 - 0x00007ff913ecc000 	C:\Windows\System32\winrnr.dll
0x000000005a520000 - 0x000000005a546000 	C:\Program Files\Bonjour\mdnsNSP.dll
0x00007ff910870000 - 0x00007ff910899000 	C:\Windows\SYSTEM32\Iphlpapi.DLL
0x00007ff910820000 - 0x00007ff91082a000 	C:\Windows\SYSTEM32\WINNSI.DLL
0x0000000063560000 - 0x0000000063569000 	C:\Program Files\National Instruments\Shared\mDNS Responder\nimdnsNSP.dll
0x0000000063550000 - 0x000000006355e000 	C:\Windows\SYSTEM32\nimdnsResponder.dll
0x000000005a470000 - 0x000000005a513000 	C:\Windows\WinSxS\amd64_microsoft.vc90.crt_1fc8b3b9a1e18e3b_9.0.30729.8387_none_08e793bfa83a89b5\MSVCR90.dll
0x00007ff909680000 - 0x00007ff909693000 	C:\Windows\system32\wshbth.dll
0x00007ff90d720000 - 0x00007ff90d729000 	C:\Windows\System32\rasadhlp.dll
0x00007ff90ed40000 - 0x00007ff90eda8000 	C:\Windows\System32\fwpuclnt.dll
0x00007ff90b650000 - 0x00007ff90b662000 	C:\Users\lvniqi\AppData\Local\Temp\native-platform3285874467363887288dir\native-platform.dll
0x00007ff90ebc0000 - 0x00007ff90ebd4000 	C:\Windows\SYSTEM32\dhcpcsvc6.DLL
0x00007ff90ee10000 - 0x00007ff90ee29000 	C:\Windows\SYSTEM32\dhcpcsvc.DLL

VM Arguments:
jvm_args: -XX:MaxPermSize=256m -XX:+HeapDumpOnOutOfMemoryError -Xmx1024m -Dfile.encoding=windows-1252 -Duser.country=CN -Duser.language=zh -Duser.variant 
java_command: org.gradle.launcher.daemon.bootstrap.GradleDaemon 2.1 F:\.gradle\daemon 10800000 cbd8c844-121a-457d-83f6-db5d28fa02f6 -XX:MaxPermSize=256m -XX:+HeapDumpOnOutOfMemoryError -Xmx1024m -Dfile.encoding=windows-1252 -Duser.country=CN -Duser.language=zh -Duser.variant
Launcher Type: SUN_STANDARD

Environment Variables:
JAVA_HOME=C:\Program Files\Java\jdk1.7.0_21
CLASSPATH=.;C:\Program Files\Java\jdk1.7.0_21\lib;C:\Program Files\Java\jdk1.7.0_21\lib\tools.jar
PATH=C:\Program Files (x86)\NVIDIA Corporation\PhysX\Common;C:\Program Files (x86)\PC Connectivity Solution\;C:\Program Files (x86)\Common Files\NetSarang;C:\Python27\Lib\site-packages\PyQt4;C:\Python27\Lib\site-packages\PyQt4;C:\Windows\system32;C:\Windows;C:\Windows\System32\Wbem;C:\Windows\System32\WindowsPowerShell\v1.0\;C:\Program Files\Lenovo Fingerprint Reader\;C:\Program Files\Lenovo Fingerprint Reader\x86\;C:\MinGW\bin\;C:\python27\;C:\Python27\Scripts\;JAVA_HOME\bin;JAVA_HOME\jre\bin;E:\android SDK\sdk\platform-tools;C:\Program Files (x86)\Lua\5.1;C:\Program Files (x86)\Lua\5.1\clibs;G:\Program Files\MATLAB\R2014a\runtime\win64;G:\Program Files\MATLAB\R2014a\bin;G:\Program Files\MATLAB\R2014a\polyspace\bin;C:\Program Files\Java\jdk1.7.0_21\bin;C:\Program Files (x86)\NVIDIA Corporation\PhysX\Common;C:\Program Files (x86)\PC Connectivity Solution\;C:\Program Files (x86)\Common Files\NetSarang;C:\Python27\Lib\site-packages\PyQt4;C:\Python27\Lib\site-packages\PyQt4;C:\Windows\system32;C:\Windows;C:\Windows\System32\Wbem;C:\Windows\System32\WindowsPowerShell\v1.0\;C:\Program Files\Lenovo Fingerprint Reader\;C:\Program Files\Lenovo Fingerprint Reader\x86\;C:\MinGW\bin\;C:\python27\;C:\Python27\Scripts\;JAVA_HOME\bin;JAVA_HOME\jre\bin;E:\android SDK\sdk\platform-tools;C:\Program Files (x86)\Lua\5.1;C:\Program Files (x86)\Lua\5.1\clibs;G:\Program Files\MATLAB\R2014a\runtime\win64;G:\Program Files\MATLAB\R2014a\bin;G:\Program Files\MATLAB\R2014a\polyspace\bin;G:\altera\13.0sp1\modelsim_ase\win32aloem;G:\altera\13.0sp1\modelsim_ae\win32aloem;G:\altera\14.0\modelsim_ase\win32aloem
USERNAME=lvniqi
OS=Windows_NT
PROCESSOR_IDENTIFIER=Intel64 Family 6 Model 58 Stepping 9, GenuineIntel



---------------  S Y S T E M  ---------------

OS: Windows 8 , 64 bit Build 9200 

CPU:total 4 (2 cores per cpu, 2 threads per core) family 6 model 58 stepping 9, cmov, cx8, fxsr, mmx, sse, sse2, sse3, ssse3, sse4.1, sse4.2, popcnt, avx, ht, tsc, tscinvbit, tscinv

Memory: 4k page, physical 8086956k(901708k free), swap 10184108k(6656k free)

vm_info: Java HotSpot(TM) 64-Bit Server VM (23.21-b01) for windows-amd64 JRE (1.7.0_21-b11), built on Apr  4 2013 08:11:28 by "java_re" with unknown MS VC++:1600

time: Mon Oct 27 16:13:45 2014
elapsed time: 38 seconds

